This is XeTeX, Version 3.14159265-2.6-0.99992 (TeX Live 2015/Debian) (preloaded format=xelatex 2017.5.18)  9 JUN 2017 01:10
entering extended mode
 restricted \write18 enabled.
 %&-line parsing enabled.
**main.tex
(./main.tex
LaTeX2e <2016/02/01>
Babel <3.9q> and hyphenation patterns for 81 language(s) loaded.
(/usr/share/texlive/texmf-dist/tex/latex/base/article.cls
Document Class: article 2014/09/29 v1.4h Standard LaTeX document class
(/usr/share/texlive/texmf-dist/tex/latex/base/size10.clo
File: size10.clo 2014/09/29 v1.4h Standard LaTeX file (size option)
)
\c@part=\count79
\c@section=\count80
\c@subsection=\count81
\c@subsubsection=\count82
\c@paragraph=\count83
\c@subparagraph=\count84
\c@figure=\count85
\c@table=\count86
\abovecaptionskip=\skip41
\belowcaptionskip=\skip42
\bibindent=\dimen102
)
(/usr/share/texlive/texmf-dist/tex/generic/babel/babel.sty
Package: babel 2016/02/24 3.9q The Babel package

(/usr/share/texlive/texmf-dist/tex/generic/babel-english/english.ldf
Language: english 2012/08/20 v3.3p English support from the babel system

(/usr/share/texlive/texmf-dist/tex/generic/babel/babel.def
File: babel.def 2016/02/24 3.9q Babel common definitions
\babel@savecnt=\count87
\U@D=\dimen103

(/usr/share/texlive/texmf-dist/tex/generic/babel/xebabel.def))
\l@canadian = a dialect from \language\l@american 
\l@australian = a dialect from \language\l@british 
\l@newzealand = a dialect from \language\l@british 
)
(/usr/share/texlive/texmf-dist/tex/generic/babel-russian/russianb.ldf
Language: russianb 2016/02/18 1.3h Russian support for the Babel system


Package babel Warning: No Cyrillic font encoding has been loaded so far.
(babel)                A font encoding should be declared before babel.
(babel)                Default `EU1' encoding will be loaded  on input line 69.


(/usr/share/texlive/texmf-dist/tex/latex/euenc/eu1enc.def
File: eu1enc.def 2010/05/27 v0.1h Experimental Unicode font encodings
)
Package babel Info: Making " an active character on input line 111.
))
(/usr/share/texlive/texmf-dist/tex/latex/fontspec/fontspec.sty
(/usr/share/texlive/texmf-dist/tex/latex/l3kernel/expl3.sty
Package: expl3 2016/01/19 v6377 L3 programming layer (loader) 

(/usr/share/texlive/texmf-dist/tex/latex/l3kernel/expl3-code.tex
Package: expl3 2016/01/19 v6377 L3 programming layer (code)
L3 Module: l3bootstrap 2016/01/01 v6339 L3 Bootstrap code
L3 Module: l3names 2015/12/21 v6328 L3 Namespace for primitives
L3 Module: l3basics 2015/11/22 v6315 L3 Basic definitions
L3 Module: l3expan 2015/09/10 v5983 L3 Argument expansion
L3 Module: l3tl 2015/09/29 v6121 L3 Token lists
L3 Module: l3str 2016/01/03 v6357 L3 Strings
L3 Module: l3seq 2015/08/05 v5777 L3 Sequences and stacks
L3 Module: l3int 2016/01/05 v6366 L3 Integers
\c_max_int=\count88
\l_tmpa_int=\count89
\l_tmpb_int=\count90
\g_tmpa_int=\count91
\g_tmpb_int=\count92
L3 Module: l3quark 2015/08/17 v5855 L3 Quarks
L3 Module: l3prg 2015/11/01 v6216 L3 Control structures
\g__prg_map_int=\count93
L3 Module: l3clist 2015/09/02 v5901 L3 Comma separated lists
L3 Module: l3token 2015/11/11 v6249 L3 Experimental token manipulation
L3 Module: l3prop 2016/01/05 v6366 L3 Property lists
L3 Module: l3msg 2015/09/28 v6113 L3 Messages
L3 Module: l3file 2015/12/03 v6317 L3 File and I/O operations
\l_iow_line_count_int=\count94
\l__iow_target_count_int=\count95
\l__iow_current_line_int=\count96
\l__iow_current_word_int=\count97
\l__iow_current_indentation_int=\count98
L3 Module: l3skip 2016/01/05 v6366 L3 Dimensions and skips
\c_zero_dim=\dimen104
\c_max_dim=\dimen105
\l_tmpa_dim=\dimen106
\l_tmpb_dim=\dimen107
\g_tmpa_dim=\dimen108
\g_tmpb_dim=\dimen109
\c_zero_skip=\skip43
\c_max_skip=\skip44
\l_tmpa_skip=\skip45
\l_tmpb_skip=\skip46
\g_tmpa_skip=\skip47
\g_tmpb_skip=\skip48
\c_zero_muskip=\muskip10
\c_max_muskip=\muskip11
\l_tmpa_muskip=\muskip12
\l_tmpb_muskip=\muskip13
\g_tmpa_muskip=\muskip14
\g_tmpb_muskip=\muskip15
L3 Module: l3keys 2015/11/17 v6284 L3 Key-value interfaces
\g__keyval_level_int=\count99
\l_keys_choice_int=\count100
L3 Module: l3fp 2015/08/25 v5890 L3 Floating points
\c__fp_leading_shift_int=\count101
\c__fp_middle_shift_int=\count102
\c__fp_trailing_shift_int=\count103
\c__fp_big_leading_shift_int=\count104
\c__fp_big_middle_shift_int=\count105
\c__fp_big_trailing_shift_int=\count106
\c__fp_Bigg_leading_shift_int=\count107
\c__fp_Bigg_middle_shift_int=\count108
\c__fp_Bigg_trailing_shift_int=\count109
L3 Module: l3box 2015/08/09 v5822 L3 Experimental boxes
\c_empty_box=\box26
\l_tmpa_box=\box27
\l_tmpb_box=\box28
\g_tmpa_box=\box29
\g_tmpb_box=\box30
L3 Module: l3coffins 2015/08/06 v5789 L3 Coffin code layer
\l__coffin_internal_box=\box31
\l__coffin_internal_dim=\dimen110
\l__coffin_offset_x_dim=\dimen111
\l__coffin_offset_y_dim=\dimen112
\l__coffin_x_dim=\dimen113
\l__coffin_y_dim=\dimen114
\l__coffin_x_prime_dim=\dimen115
\l__coffin_y_prime_dim=\dimen116
\c_empty_coffin=\box32
\l__coffin_aligned_coffin=\box33
\l__coffin_aligned_internal_coffin=\box34
\l_tmpa_coffin=\box35
\l_tmpb_coffin=\box36
\l__coffin_display_coffin=\box37
\l__coffin_display_coord_coffin=\box38
\l__coffin_display_pole_coffin=\box39
\l__coffin_display_offset_dim=\dimen117
\l__coffin_display_x_dim=\dimen118
\l__coffin_display_y_dim=\dimen119
L3 Module: l3color 2014/08/23 v5354 L3 Experimental color support
L3 Module: l3sys 2015/09/25 v6087 L3 Experimental system/runtime functions
L3 Module: l3candidates 2016/01/14 v6376 L3 Experimental additions to l3kernel
\l__box_top_dim=\dimen120
\l__box_bottom_dim=\dimen121
\l__box_left_dim=\dimen122
\l__box_right_dim=\dimen123
\l__box_top_new_dim=\dimen124
\l__box_bottom_new_dim=\dimen125
\l__box_left_new_dim=\dimen126
\l__box_right_new_dim=\dimen127
\l__box_internal_box=\box40
\l__coffin_bounding_shift_dim=\dimen128
\l__coffin_left_corner_dim=\dimen129
\l__coffin_right_corner_dim=\dimen130
\l__coffin_bottom_corner_dim=\dimen131
\l__coffin_top_corner_dim=\dimen132
\l__coffin_scaled_total_height_dim=\dimen133
\l__coffin_scaled_width_dim=\dimen134
L3 Module: l3luatex 2015/11/11 v6250 L3 Experimental LuaTeX-specific functions
)
(/usr/share/texlive/texmf-dist/tex/latex/l3kernel/l3xdvipdfmx.def
File: l3xdvidpfmx.def 2015/11/11 v6250 L3 Experimental driver: xdvipdfmx
))
(/usr/share/texlive/texmf-dist/tex/latex/l3packages/xparse/xparse.sty
Package: xparse 2016/01/19 v6377 L3 Experimental document command parser
\l__xparse_current_arg_int=\count110
\l__xparse_m_args_int=\count111
\l__xparse_mandatory_args_int=\count112
\l__xparse_processor_int=\count113
\l__xparse_v_nesting_int=\count114
)
Package: fontspec 2016/02/01 v2.5a Font selection for XeLaTeX and LuaLaTeX

(/usr/share/texlive/texmf-dist/tex/latex/fontspec/fontspec-xetex.sty
Package: fontspec-xetex 2016/02/01 v2.5a Font selection for XeLaTeX and LuaLaTe
X
\l_fontspec_script_int=\count115
\l_fontspec_language_int=\count116
\l_fontspec_strnum_int=\count117
\l__fontspec_tmpa_dim=\dimen135
\l__fontspec_tmpb_dim=\dimen136
\l__fontspec_tmpc_dim=\dimen137
\g__file_internal_ior=\read1

(/usr/share/texlive/texmf-dist/tex/latex/base/fontenc.sty
Package: fontenc 2005/09/27 v1.99g Standard LaTeX package

(/usr/share/texlive/texmf-dist/tex/latex/euenc/eu1enc.def
File: eu1enc.def 2010/05/27 v0.1h Experimental Unicode font encodings
LaTeX Font Info:    Redeclaring font encoding EU1 on input line 17.
)
LaTeX Font Info:    Try loading font information for EU1+lmr on input line 105.


(/usr/share/texlive/texmf-dist/tex/latex/euenc/eu1lmr.fd
File: eu1lmr.fd 2009/10/30 v1.6 Font defs for Latin Modern
))
(/usr/share/texlive/texmf-dist/tex/xelatex/xunicode/xunicode.sty
File: xunicode.sty 2011/09/09 v0.981 provides access to latin accents and many 
other characters in Unicode lower plane

(/usr/share/texmf/tex/latex/tipa/t3enc.def
File: t3enc.def 2001/12/31 T3 encoding
LaTeX Font Info:    Try loading font information for EU1+lmss on input line 357
.

(/usr/share/texlive/texmf-dist/tex/latex/euenc/eu1lmss.fd
File: eu1lmss.fd 2009/10/30 v1.6 Font defs for Latin Modern
))
\tipaTiiicode=\count118
\tipasavetokens=\toks14
\tipachecktokens=\toks15

(/usr/share/texlive/texmf-dist/tex/latex/graphics/graphicx.sty
Package: graphicx 2014/10/28 v1.0g Enhanced LaTeX Graphics (DPC,SPQR)

(/usr/share/texlive/texmf-dist/tex/latex/graphics/keyval.sty
Package: keyval 2014/10/28 v1.15 key=value parser (DPC)
\KV@toks@=\toks16
)
(/usr/share/texlive/texmf-dist/tex/latex/graphics/graphics.sty
Package: graphics 2016/01/03 v1.0q Standard LaTeX Graphics (DPC,SPQR)

(/usr/share/texlive/texmf-dist/tex/latex/graphics/trig.sty
Package: trig 2016/01/03 v1.10 sin cos tan (DPC)
)
(/usr/share/texlive/texmf-dist/tex/latex/latexconfig/graphics.cfg
File: graphics.cfg 2010/04/23 v1.9 graphics configuration of TeX Live
)
Package graphics Info: Driver file: xetex.def on input line 95.

(/usr/share/texlive/texmf-dist/tex/xelatex/xetex-def/xetex.def
File: xetex.def 2015/09/11 v4.06 LaTeX color/graphics driver for XeTeX (TeX Liv
e/RRM/JK)

(/usr/share/texlive/texmf-dist/tex/generic/oberdiek/infwarerr.sty
Package: infwarerr 2010/04/08 v1.3 Providing info/warning/error messages (HO)
)
(/usr/share/texlive/texmf-dist/tex/generic/oberdiek/ltxcmds.sty
Package: ltxcmds 2011/11/09 v1.22 LaTeX kernel commands for general use (HO)
)))
\Gin@req@height=\dimen138
\Gin@req@width=\dimen139
))
.................................................
. LaTeX info: "xparse/define-command"
. 
. Defining command \__fontspec_post_arg:w with sig. 'mmO{}' on line 353.
.................................................
.................................................
. LaTeX info: "xparse/define-command"
. 
. Defining command \fontspec with sig. 'om' on line 355.
.................................................
.................................................
. LaTeX info: "xparse/define-command"
. 
. Defining command \setmainfont with sig. 'om' on line 365.
.................................................
.................................................
. LaTeX info: "xparse/define-command"
. 
. Defining command \setsansfont with sig. 'om' on line 375.
.................................................
.................................................
. LaTeX info: "xparse/define-command"
. 
. Defining command \setmonofont with sig. 'om' on line 385.
.................................................
.................................................
. LaTeX info: "xparse/define-command"
. 
. Defining command \setmathrm with sig. 'om' on line 399.
.................................................
.................................................
. LaTeX info: "xparse/define-command"
. 
. Defining command \setboldmathrm with sig. 'om' on line 407.
.................................................
.................................................
. LaTeX info: "xparse/define-command"
. 
. Defining command \setmathsf with sig. 'om' on line 415.
.................................................
.................................................
. LaTeX info: "xparse/define-command"
. 
. Defining command \setmathtt with sig. 'om' on line 423.
.................................................
.................................................
. LaTeX info: "xparse/define-command"
. 
. Defining command \newfontfamily with sig. 'mom' on line 437.
.................................................
.................................................
. LaTeX info: "xparse/define-command"
. 
. Defining command \newfontface with sig. 'mom' on line 453.
.................................................
.................................................
. LaTeX info: "xparse/define-command"
. 
. Defining command \defaultfontfeatures with sig. 't+om' on line 467.
.................................................
.................................................
. LaTeX info: "xparse/define-command"
. 
. Defining command \addfontfeatures with sig. 'm' on line 529.
.................................................
.................................................
. LaTeX info: "xparse/define-command"
. 
. Defining command \newfontfeature with sig. 'mm' on line 540.
.................................................
.................................................
. LaTeX info: "xparse/define-command"
. 
. Defining command \newAATfeature with sig. 'mmmm' on line 548.
.................................................
.................................................
. LaTeX info: "xparse/define-command"
. 
. Defining command \newopentypefeature with sig. 'mmm' on line 556.
.................................................
.................................................
. LaTeX info: "xparse/define-command"
. 
. Defining command \aliasfontfeature with sig. 'mm' on line 577.
.................................................
.................................................
. LaTeX info: "xparse/define-command"
. 
. Defining command \aliasfontfeatureoption with sig. 'mmm' on line 586.
.................................................
.................................................
. LaTeX info: "xparse/define-command"
. 
. Defining command \newfontscript with sig. 'mm' on line 590.
.................................................
.................................................
. LaTeX info: "xparse/define-command"
. 
. Defining command \newfontlanguage with sig. 'mm' on line 594.
.................................................
.................................................
. LaTeX info: "xparse/define-command"
. 
. Defining command \DeclareFontsExtensions with sig. 'm' on line 599.
.................................................
\l__fontspec_tmp_int=\count119

(/usr/share/texlive/texmf-dist/tex/latex/fontspec/fontspec.cfg)
LaTeX Info: Redefining \itshape on input line 2705.
LaTeX Info: Redefining \slshape on input line 2710.
LaTeX Info: Redefining \scshape on input line 2715.
LaTeX Info: Redefining \upshape on input line 2720.
\l__fontspec_em_int=\count120
\l__fontspec_emdef_int=\count121
LaTeX Info: Redefining \em on input line 2736.
LaTeX Info: Redefining \emph on input line 2742.
LaTeX Info: Redefining \- on input line 2746.
.................................................
. LaTeX info: "xparse/redefine-command"
. 
. Redefining command \oldstylenums with sig. 'm' on line 2841.
.................................................
.................................................
. LaTeX info: "xparse/define-command"
. 
. Defining command \liningnums with sig. 'm' on line 2845.
.................................................
))
.................................................
. fontspec info: "no-scripts"
. 
. Font Times New Roman does not contain any OpenType `Script' information.
.................................................
\g__fontspec_family_TimesNewRoman_int=\count122
.................................................
. fontspec info: "defining-font"
. 
. Font family 'TimesNewRoman(0)' created for font 'Times New Roman' with
. options [Ligatures=TeX].
. 
. This font family consists of the following NFSS series/shapes:
. - 'normal' (m/n) with NFSS spec.: <->"Times New Roman/OT:mapping=tex-text;"
. - 'small caps'  (m/sc) with NFSS spec.: - 'bold' (bx/n) with NFSS spec.:
. <->"Times New Roman/B/OT:mapping=tex-text;"
. - 'bold small caps'  (bx/sc) with NFSS spec.: - 'italic' (m/it) with NFSS
. spec.: <->"Times New Roman/I/OT:mapping=tex-text;"
. - 'italic small caps'  (m/itsc) with NFSS spec.: - 'bold italic' (bx/it)
. with NFSS spec.: <->"Times New Roman/BI/OT:mapping=tex-text;"
. - 'bold italic small caps'  (bx/itsc) with NFSS spec.: 
.................................................
.................................................
. fontspec info: "no-scripts"
. 
. Font Arial does not contain any OpenType `Script' information.
.................................................
\g__fontspec_family_Arial_int=\count123
.................................................
. fontspec info: "defining-font"
. 
. Font family 'Arial(0)' created for font 'Arial' with options
. [Ligatures=TeX].
. 
. This font family consists of the following NFSS series/shapes:
. - 'normal' (m/n) with NFSS spec.: <->"Arial/OT:mapping=tex-text;"
. - 'small caps'  (m/sc) with NFSS spec.: - 'bold' (bx/n) with NFSS spec.:
. <->"Arial/B/OT:mapping=tex-text;"
. - 'bold small caps'  (bx/sc) with NFSS spec.: - 'italic' (m/it) with NFSS
. spec.: <->"Arial/I/OT:mapping=tex-text;"
. - 'italic small caps'  (m/itsc) with NFSS spec.: - 'bold italic' (bx/it)
. with NFSS spec.: <->"Arial/BI/OT:mapping=tex-text;"
. - 'bold italic small caps'  (bx/itsc) with NFSS spec.: 
.................................................

(/usr/share/texlive/texmf-dist/tex/latex/extsizes/extsizes.sty
Package: extsizes 1996/10/08 v1.0 Non Standard LaTeX Package


Package ExtSizes Warning: It is better to use one of the extsizes classes,
 if you can.

(/usr/share/texlive/texmf-dist/tex/latex/extsizes/size14.clo
File: size14.clo 1999/11/11 v1.4a NON-Standard LaTeX file (size option)
))
(/usr/share/texlive/texmf-dist/tex/latex/tools/indentfirst.sty
Package: indentfirst 1995/11/23 v1.03 Indent first paragraph (DPC)
)
(/usr/share/texlive/texmf-dist/tex/latex/geometry/geometry.sty
Package: geometry 2010/09/12 v5.6 Page Geometry

(/usr/share/texlive/texmf-dist/tex/generic/oberdiek/ifpdf.sty
Package: ifpdf 2011/01/30 v2.3 Provides the ifpdf switch (HO)
Package ifpdf Info: pdfTeX in PDF mode is not detected.
)
(/usr/share/texlive/texmf-dist/tex/generic/oberdiek/ifvtex.sty
Package: ifvtex 2010/03/01 v1.5 Detect VTeX and its facilities (HO)
Package ifvtex Info: VTeX not detected.
)
(/usr/share/texlive/texmf-dist/tex/generic/ifxetex/ifxetex.sty
Package: ifxetex 2010/09/12 v0.6 Provides ifxetex conditional
)
\Gm@cnth=\count124
\Gm@cntv=\count125
\c@Gm@tempcnt=\count126
\Gm@bindingoffset=\dimen140
\Gm@wd@mp=\dimen141
\Gm@odd@mp=\dimen142
\Gm@even@mp=\dimen143
\Gm@layoutwidth=\dimen144
\Gm@layoutheight=\dimen145
\Gm@layouthoffset=\dimen146
\Gm@layoutvoffset=\dimen147
\Gm@dimlist=\toks17
) (./mcode.sty
-- Package: `mcode' 2.5 <2014/03/06> --
Package: mcode 2014/03/06 2.5
 - settings optimized for display (colour formating)
 - line numbering enabled
 - literate programming (character replacements) enabled
 - automatic line breaking enabled (careful, buggy!)
 - framed listings
(/usr/share/texlive/texmf-dist/tex/latex/xcolor/xcolor.sty
Package: xcolor 2007/01/21 v2.11 LaTeX color extensions (UK)

(/usr/share/texlive/texmf-dist/tex/latex/latexconfig/color.cfg
File: color.cfg 2007/01/18 v1.5 color configuration of teTeX/TeXLive
)
Package xcolor Info: Driver file: xetex.def on input line 225.
Package xcolor Info: Model `cmy' substituted by `cmy0' on input line 1337.
Package xcolor Info: Model `RGB' extended on input line 1353.
Package xcolor Info: Model `HTML' substituted by `rgb' on input line 1355.
Package xcolor Info: Model `Hsb' substituted by `hsb' on input line 1356.
Package xcolor Info: Model `tHsb' substituted by `hsb' on input line 1357.
Package xcolor Info: Model `HSB' substituted by `hsb' on input line 1358.
Package xcolor Info: Model `Gray' substituted by `gray' on input line 1359.
Package xcolor Info: Model `wave' substituted by `hsb' on input line 1360.
)
(/usr/share/texlive/texmf-dist/tex/latex/listings/listings.sty
\lst@mode=\count127
\lst@gtempboxa=\box41
\lst@token=\toks18
\lst@length=\count128
\lst@currlwidth=\dimen148
\lst@column=\count129
\lst@pos=\count130
\lst@lostspace=\dimen149
\lst@width=\dimen150
\lst@newlines=\count131
\lst@lineno=\count132
\lst@maxwidth=\dimen151

(/usr/share/texlive/texmf-dist/tex/latex/listings/lstmisc.sty
File: lstmisc.sty 2015/06/04 1.6 (Carsten Heinz)
\c@lstnumber=\count133
\lst@skipnumbers=\count134
\lst@framebox=\box42
)
(/usr/share/texlive/texmf-dist/tex/latex/listings/listings.cfg
File: listings.cfg 2015/06/04 1.6 listings configuration
))
Package: listings 2015/06/04 1.6 (Carsten Heinz)
\lbreakdots=\box43
LaTeX Font Info:    Try loading font information for EU1+pcr on input line 229.

LaTeX Font Info:    No file EU1pcr.fd. on input line 229.


LaTeX Font Warning: Font shape `EU1/pcr/m/n' undefined
(Font)              using `EU1/lmr/m/n' instead on input line 229.

) (/usr/share/texlive/texmf-dist/tex/latex/amsmath/amsmath.sty
Package: amsmath 2016/03/03 v2.15a AMS math features
\@mathmargin=\skip49

For additional information on amsmath, use the `?' option.
(/usr/share/texlive/texmf-dist/tex/latex/amsmath/amstext.sty
Package: amstext 2000/06/29 v2.01 AMS text

(/usr/share/texlive/texmf-dist/tex/latex/amsmath/amsgen.sty
File: amsgen.sty 1999/11/30 v2.0 generic functions
\@emptytoks=\toks19
\ex@=\dimen152
))
(/usr/share/texlive/texmf-dist/tex/latex/amsmath/amsbsy.sty
Package: amsbsy 1999/11/29 v1.2d Bold Symbols
\pmbraise@=\dimen153
)
(/usr/share/texlive/texmf-dist/tex/latex/amsmath/amsopn.sty
Package: amsopn 1999/12/14 v2.01 operator names
)
\inf@bad=\count135
LaTeX Info: Redefining \frac on input line 199.
\uproot@=\count136
\leftroot@=\count137
LaTeX Info: Redefining \overline on input line 297.
\classnum@=\count138
\DOTSCASE@=\count139
LaTeX Info: Redefining \ldots on input line 394.
LaTeX Info: Redefining \dots on input line 397.
LaTeX Info: Redefining \cdots on input line 518.
\Mathstrutbox@=\box44
\strutbox@=\box45
\big@size=\dimen154
LaTeX Font Info:    Redeclaring font encoding OML on input line 630.
LaTeX Font Info:    Redeclaring font encoding OMS on input line 631.
\macc@depth=\count140
\c@MaxMatrixCols=\count141
\dotsspace@=\muskip16
\c@parentequation=\count142
\dspbrk@lvl=\count143
\tag@help=\toks20
\row@=\count144
\column@=\count145
\maxfields@=\count146
\andhelp@=\toks21
\eqnshift@=\dimen155
\alignsep@=\dimen156
\tagshift@=\dimen157
\tagwidth@=\dimen158
\totwidth@=\dimen159
\lineht@=\dimen160
\@envbody=\toks22
\multlinegap=\skip50
\multlinetaggap=\skip51
\mathdisplay@stack=\toks23
LaTeX Info: Redefining \[ on input line 2735.
LaTeX Info: Redefining \] on input line 2736.
)
(/usr/share/texlive/texmf-dist/tex/latex/amsfonts/amsfonts.sty
Package: amsfonts 2013/01/14 v3.01 Basic AMSFonts support
\symAMSa=\mathgroup4
\symAMSb=\mathgroup5
LaTeX Font Info:    Overwriting math alphabet `\mathfrak' in version `bold'
(Font)                  U/euf/m/n --> U/euf/b/n on input line 106.
)
(/usr/share/texlive/texmf-dist/tex/latex/caption/caption.sty
Package: caption 2016/02/21 v3.3-144 Customizing captions (AR)

(/usr/share/texlive/texmf-dist/tex/latex/caption/caption3.sty
Package: caption3 2016/02/04 v1.7-139 caption3 kernel (AR)
Package caption3 Info: TeX engine: e-TeX on input line 67.
\captionmargin=\dimen161
\captionmargin@=\dimen162
\captionwidth=\dimen163
\caption@tempdima=\dimen164
\caption@indent=\dimen165
\caption@parindent=\dimen166
\caption@hangindent=\dimen167
)
\c@ContinuedFloat=\count147
Package caption Info: listings package is loaded.
)
(/usr/share/texlive/texmf-dist/tex/latex/booktabs/booktabs.sty
Package: booktabs 2005/04/14 v1.61803 publication quality tables
\heavyrulewidth=\dimen168
\lightrulewidth=\dimen169
\cmidrulewidth=\dimen170
\belowrulesep=\dimen171
\belowbottomsep=\dimen172
\aboverulesep=\dimen173
\abovetopsep=\dimen174
\cmidrulesep=\dimen175
\cmidrulekern=\dimen176
\defaultaddspace=\dimen177
\@cmidla=\count148
\@cmidlb=\count149
\@aboverulesep=\dimen178
\@belowrulesep=\dimen179
\@thisruleclass=\count150
\@lastruleclass=\count151
\@thisrulewidth=\dimen180
)
(/usr/share/texlive/texmf-dist/tex/latex/lettrine/lettrine.sty
File: lettrine.sty 2015/08/31 v1.9 (Daniel Flipo)
\c@DefaultLines=\count152
\c@DefaultDepth=\count153
\DefaultFindent=\dimen181
\DefaultNindent=\dimen182
\DefaultSlope=\dimen183
\DiscardVskip=\dimen184
\L@lbox=\box46
\L@tbox=\box47
\c@L@lines=\count154
\c@L@depth=\count155
\L@Pindent=\dimen185
\L@Findent=\dimen186
\L@Nindent=\dimen187
\L@lraise=\dimen188
\L@first=\dimen189
\L@next=\dimen190
\L@slope=\dimen191
\L@height=\dimen192
\L@novskip=\dimen193
\LettrineWidth=\dimen194
\LettrineHeight=\dimen195
\LettrineDepth=\dimen196

Loading lettrine.cfg
(/usr/share/texlive/texmf-dist/tex/latex/lettrine/lettrine.cfg))
(/usr/share/texlive/texmf-dist/tex/latex/enumitem/enumitem.sty
Package: enumitem 2011/09/28 v3.5.2 Customized lists
\labelindent=\skip52
\enit@outerparindent=\dimen197
\enit@toks=\toks24
\enit@inbox=\box48
\enitdp@description=\count156
)
(/usr/share/texlive/texmf-dist/tex/latex/listings/lstlang1.sty
File: lstlang1.sty 2015/06/04 1.6 listings language file
)
(/usr/share/texlive/texmf-dist/tex/latex/listings/lstmisc.sty
File: lstmisc.sty 2015/06/04 1.6 (Carsten Heinz)
)
(/usr/share/texlive/texmf-dist/tex/latex/abstract/abstract.sty
Package: abstract 2009/06/08 v1.2a configurable abstracts
\abstitleskip=\skip53
\absleftindent=\skip54
\absrightindent=\skip55
\absparindent=\skip56
\absparsep=\skip57
)
(/usr/share/texlive/texmf-dist/tex/latex/hyperref/hyperref.sty
Package: hyperref 2012/11/06 v6.83m Hypertext links for LaTeX

(/usr/share/texlive/texmf-dist/tex/generic/oberdiek/hobsub-hyperref.sty
Package: hobsub-hyperref 2012/05/28 v1.13 Bundle oberdiek, subset hyperref (HO)


(/usr/share/texlive/texmf-dist/tex/generic/oberdiek/hobsub-generic.sty
Package: hobsub-generic 2012/05/28 v1.13 Bundle oberdiek, subset generic (HO)
Package: hobsub 2012/05/28 v1.13 Construct package bundles (HO)
Package hobsub Info: Skipping package `infwarerr' (already loaded).
Package hobsub Info: Skipping package `ltxcmds' (already loaded).
Package: ifluatex 2010/03/01 v1.3 Provides the ifluatex switch (HO)
Package ifluatex Info: LuaTeX not detected.
Package hobsub Info: Skipping package `ifvtex' (already loaded).
Package: intcalc 2007/09/27 v1.1 Expandable calculations with integers (HO)
Package hobsub Info: Skipping package `ifpdf' (already loaded).
Package: etexcmds 2011/02/16 v1.5 Avoid name clashes with e-TeX commands (HO)
Package etexcmds Info: Could not find \expanded.
(etexcmds)             That can mean that you are not using pdfTeX 1.50 or
(etexcmds)             that some package has redefined \expanded.
(etexcmds)             In the latter case, load this package earlier.
Package: kvsetkeys 2012/04/25 v1.16 Key value parser (HO)
Package: kvdefinekeys 2011/04/07 v1.3 Define keys (HO)
Package: pdftexcmds 2011/11/29 v0.20 Utility functions of pdfTeX for LuaTeX (HO
)
Package pdftexcmds Info: LuaTeX not detected.
Package pdftexcmds Info: pdfTeX >= 1.30 not detected.
Package pdftexcmds Info: \pdf@primitive is available.
Package pdftexcmds Info: \pdf@ifprimitive is available.
Package pdftexcmds Info: \pdfdraftmode not found.
Package: pdfescape 2011/11/25 v1.13 Implements pdfTeX's escape features (HO)
Package: bigintcalc 2012/04/08 v1.3 Expandable calculations on big integers (HO
)
Package: bitset 2011/01/30 v1.1 Handle bit-vector datatype (HO)
Package: uniquecounter 2011/01/30 v1.2 Provide unlimited unique counter (HO)
)
Package hobsub Info: Skipping package `hobsub' (already loaded).
Package: letltxmacro 2010/09/02 v1.4 Let assignment for LaTeX macros (HO)
Package: hopatch 2012/05/28 v1.2 Wrapper for package hooks (HO)
Package: xcolor-patch 2011/01/30 xcolor patch
Package: atveryend 2011/06/30 v1.8 Hooks at the very end of document (HO)
Package atveryend Info: \enddocument detected (standard20110627).
Package: atbegshi 2011/10/05 v1.16 At begin shipout hook (HO)
Package: refcount 2011/10/16 v3.4 Data extraction from label references (HO)
Package: hycolor 2011/01/30 v1.7 Color options for hyperref/bookmark (HO)
)
(/usr/share/texlive/texmf-dist/tex/latex/oberdiek/auxhook.sty
Package: auxhook 2011/03/04 v1.3 Hooks for auxiliary files (HO)
)
(/usr/share/texlive/texmf-dist/tex/latex/oberdiek/kvoptions.sty
Package: kvoptions 2011/06/30 v3.11 Key value format for package options (HO)
)
\@linkdim=\dimen198
\Hy@linkcounter=\count157
\Hy@pagecounter=\count158

(/usr/share/texlive/texmf-dist/tex/latex/hyperref/pd1enc.def
File: pd1enc.def 2012/11/06 v6.83m Hyperref: PDFDocEncoding definition (HO)
)
\Hy@SavedSpaceFactor=\count159
Package hyperref Info: Option `unicode' set `true' on input line 3411.

(/usr/share/texlive/texmf-dist/tex/latex/hyperref/puenc.def
File: puenc.def 2012/11/06 v6.83m Hyperref: PDF Unicode definition (HO)
)
(/usr/share/texlive/texmf-dist/tex/latex/latexconfig/hyperref.cfg
File: hyperref.cfg 2002/06/06 v1.2 hyperref configuration of TeXLive
)
Package hyperref Info: Hyper figures OFF on input line 4443.
Package hyperref Info: Link nesting OFF on input line 4448.
Package hyperref Info: Hyper index ON on input line 4451.
Package hyperref Info: Plain pages OFF on input line 4458.
Package hyperref Info: Backreferencing OFF on input line 4463.
Package hyperref Info: Implicit mode ON; LaTeX internals redefined.
Package hyperref Info: Bookmarks ON on input line 4688.
\c@Hy@tempcnt=\count160

(/usr/share/texlive/texmf-dist/tex/latex/url/url.sty
\Urlmuskip=\muskip17
Package: url 2013/09/16  ver 3.4  Verb mode for urls, etc.
)
LaTeX Info: Redefining \url on input line 5041.
\XeTeXLinkMargin=\dimen199
\Fld@menulength=\count161
\Field@Width=\dimen256
\Fld@charsize=\dimen257
Package hyperref Info: Hyper figures OFF on input line 6295.
Package hyperref Info: Link nesting OFF on input line 6300.
Package hyperref Info: Hyper index ON on input line 6303.
Package hyperref Info: backreferencing OFF on input line 6310.
Package hyperref Info: Link coloring OFF on input line 6315.
Package hyperref Info: Link coloring with OCG OFF on input line 6320.
Package hyperref Info: PDF/A mode OFF on input line 6325.
LaTeX Info: Redefining \ref on input line 6365.
LaTeX Info: Redefining \pageref on input line 6369.
\Hy@abspage=\count162
\c@Item=\count163
\c@Hfootnote=\count164
)

Package hyperref Message: Driver (autodetected): hxetex.

(/usr/share/texlive/texmf-dist/tex/latex/hyperref/hxetex.def
File: hxetex.def 2012/11/06 v6.83m Hyperref driver for XeTeX

(/usr/share/texlive/texmf-dist/tex/generic/oberdiek/stringenc.sty
Package: stringenc 2011/12/02 v1.10 Convert strings between diff. encodings (HO
)
)
\pdfm@box=\box49
\c@Hy@AnnotLevel=\count165
\HyField@AnnotCount=\count166
\Fld@listcount=\count167
\c@bookmark@seq@number=\count168

(/usr/share/texlive/texmf-dist/tex/latex/oberdiek/rerunfilecheck.sty
Package: rerunfilecheck 2011/04/15 v1.7 Rerun checks for auxiliary files (HO)
Package rerunfilecheck Info: Feature \pdfmdfivesum is not available
(rerunfilecheck)             (e.g. pdfTeX or LuaTeX with package `pdftexcmds').

(rerunfilecheck)             Therefore file contents cannot be checked efficien
tly
(rerunfilecheck)             and the loading of the package is aborted.
)
\Hy@SectionHShift=\skip58
)
(/usr/share/texlive/texmf-dist/tex/latex/setspace/setspace.sty
Package: setspace 2011/12/19 v6.7a set line spacing
)
(/usr/share/texlive/texmf-dist/tex/latex/titlesec/titlesec.sty
Package: titlesec 2016/03/15 v2.10.1 Sectioning titles
\ttl@box=\box50
\beforetitleunit=\skip59
\aftertitleunit=\skip60
\ttl@plus=\dimen258
\ttl@minus=\dimen259
\ttl@toksa=\toks25
\titlewidth=\dimen260
\titlewidthlast=\dimen261
\titlewidthfirst=\dimen262
)
(/usr/share/texlive/texmf-dist/tex/latex/titlesec/block.tss
File: block.tss 2016/03/15
) (./main.aux)
\openout1 = `main.aux'.

LaTeX Font Info:    Checking defaults for OML/cmm/m/it on input line 141.
LaTeX Font Info:    ... okay on input line 141.
LaTeX Font Info:    Checking defaults for T1/cmr/m/n on input line 141.
LaTeX Font Info:    ... okay on input line 141.
LaTeX Font Info:    Checking defaults for OT1/cmr/m/n on input line 141.
LaTeX Font Info:    ... okay on input line 141.
LaTeX Font Info:    Checking defaults for OMS/cmsy/m/n on input line 141.
LaTeX Font Info:    ... okay on input line 141.
LaTeX Font Info:    Checking defaults for OMX/cmex/m/n on input line 141.
LaTeX Font Info:    ... okay on input line 141.
LaTeX Font Info:    Checking defaults for U/cmr/m/n on input line 141.
LaTeX Font Info:    ... okay on input line 141.
LaTeX Font Info:    Checking defaults for EU1/lmr/m/n on input line 141.
LaTeX Font Info:    ... okay on input line 141.
LaTeX Font Info:    Checking defaults for T3/cmr/m/n on input line 141.
LaTeX Font Info:    Try loading font information for T3+cmr on input line 141.

(/usr/share/texmf/tex/latex/tipa/t3cmr.fd
File: t3cmr.fd 2001/12/31 TIPA font definitions
)
LaTeX Font Info:    ... okay on input line 141.
LaTeX Font Info:    Checking defaults for PD1/pdf/m/n on input line 141.
LaTeX Font Info:    ... okay on input line 141.
LaTeX Font Info:    Checking defaults for PU/pdf/m/n on input line 141.
LaTeX Font Info:    ... okay on input line 141.
.................................................
. fontspec info: "setup-math"
. 
. Adjusting the maths setup (use [no-math] to avoid this).
.................................................
\symlegacymaths=\mathgroup6
LaTeX Font Info:    Overwriting symbol font `legacymaths' in version `bold'
(Font)                  OT1/cmr/m/n --> OT1/cmr/bx/n on input line 141.
LaTeX Font Info:    Redeclaring math accent \acute on input line 141.
LaTeX Font Info:    Redeclaring math accent \grave on input line 141.
LaTeX Font Info:    Redeclaring math accent \ddot on input line 141.
LaTeX Font Info:    Redeclaring math accent \tilde on input line 141.
LaTeX Font Info:    Redeclaring math accent \bar on input line 141.
LaTeX Font Info:    Redeclaring math accent \breve on input line 141.
LaTeX Font Info:    Redeclaring math accent \check on input line 141.
LaTeX Font Info:    Redeclaring math accent \hat on input line 141.
LaTeX Font Info:    Redeclaring math accent \dot on input line 141.
LaTeX Font Info:    Redeclaring math accent \mathring on input line 141.
LaTeX Font Info:    Redeclaring math symbol \Gamma on input line 141.
LaTeX Font Info:    Redeclaring math symbol \Delta on input line 141.
LaTeX Font Info:    Redeclaring math symbol \Theta on input line 141.
LaTeX Font Info:    Redeclaring math symbol \Lambda on input line 141.
LaTeX Font Info:    Redeclaring math symbol \Xi on input line 141.
LaTeX Font Info:    Redeclaring math symbol \Pi on input line 141.
LaTeX Font Info:    Redeclaring math symbol \Sigma on input line 141.
LaTeX Font Info:    Redeclaring math symbol \Upsilon on input line 141.
LaTeX Font Info:    Redeclaring math symbol \Phi on input line 141.
LaTeX Font Info:    Redeclaring math symbol \Psi on input line 141.
LaTeX Font Info:    Redeclaring math symbol \Omega on input line 141.
LaTeX Font Info:    Redeclaring math symbol \mathdollar on input line 141.
LaTeX Font Info:    Redeclaring symbol font `operators' on input line 141.
LaTeX Font Info:    Encoding `OT1' has changed to `EU1' for symbol font
(Font)              `operators' in the math version `normal' on input line 141.

LaTeX Font Info:    Overwriting symbol font `operators' in version `normal'
(Font)                  OT1/cmr/m/n --> EU1/TimesNewRoman(0)/m/n on input line 
141.
LaTeX Font Info:    Encoding `OT1' has changed to `EU1' for symbol font
(Font)              `operators' in the math version `bold' on input line 141.
LaTeX Font Info:    Overwriting symbol font `operators' in version `bold'
(Font)                  OT1/cmr/bx/n --> EU1/TimesNewRoman(0)/m/n on input line
 141.
LaTeX Font Info:    Overwriting symbol font `operators' in version `normal'
(Font)                  EU1/TimesNewRoman(0)/m/n --> EU1/TimesNewRoman(0)/m/n o
n input line 141.
LaTeX Font Info:    Overwriting math alphabet `\mathit' in version `normal'
(Font)                  OT1/cmr/m/it --> EU1/TimesNewRoman(0)/m/it on input lin
e 141.
LaTeX Font Info:    Overwriting math alphabet `\mathbf' in version `normal'
(Font)                  OT1/cmr/bx/n --> EU1/TimesNewRoman(0)/bx/n on input lin
e 141.
LaTeX Font Info:    Overwriting math alphabet `\mathsf' in version `normal'
(Font)                  OT1/cmss/m/n --> EU1/Arial(0)/m/n on input line 141.
LaTeX Font Info:    Overwriting math alphabet `\mathtt' in version `normal'
(Font)                  OT1/cmtt/m/n --> EU1/lmtt/m/n on input line 141.
LaTeX Font Info:    Overwriting symbol font `operators' in version `bold'
(Font)                  EU1/TimesNewRoman(0)/m/n --> EU1/TimesNewRoman(0)/bx/n 
on input line 141.
LaTeX Font Info:    Overwriting math alphabet `\mathit' in version `bold'
(Font)                  OT1/cmr/bx/it --> EU1/TimesNewRoman(0)/bx/it on input l
ine 141.
LaTeX Font Info:    Overwriting math alphabet `\mathsf' in version `bold'
(Font)                  OT1/cmss/bx/n --> EU1/Arial(0)/bx/n on input line 141.
LaTeX Font Info:    Overwriting math alphabet `\mathtt' in version `bold'
(Font)                  OT1/cmtt/m/n --> EU1/lmtt/bx/n on input line 141.

*geometry* driver: auto-detecting
*geometry* detected driver: xetex
*geometry* verbose mode - [ preamble ] result:
* driver: xetex
* paper: <default>
* layout: <same size as paper>
* layoutoffset:(h,v)=(0.0pt,0.0pt)
* modes: 
* h-part:(L,W,R)=(85.35826pt, 500.484pt, 28.45274pt)
* v-part:(T,H,B)=(42.67912pt, 695.38536pt, 56.9055pt)
* \paperwidth=614.295pt
* \paperheight=794.96999pt
* \textwidth=500.484pt
* \textheight=695.38536pt
* \oddsidemargin=13.08827pt
* \evensidemargin=13.08827pt
* \topmargin=-68.59087pt
* \headheight=14.0pt
* \headsep=25.0pt
* \topskip=14.0pt
* \footskip=30.0pt
* \marginparwidth=24.0pt
* \marginparsep=10.0pt
* \columnsep=10.0pt
* \skip\footins=12.0pt plus 4.0pt minus 2.0pt
* \hoffset=0.0pt
* \voffset=0.0pt
* \mag=1000
* \@twocolumnfalse
* \@twosidefalse
* \@mparswitchfalse
* \@reversemarginfalse
* (1in=72.27pt=25.4mm, 1cm=28.453pt)

\c@lstlisting=\count169
Package caption Info: Begin \AtBeginDocument code.
Package caption Info: hyperref package is loaded.
Package caption Info: End \AtBeginDocument code.
\AtBeginShipoutBox=\box51
Package hyperref Info: Link coloring OFF on input line 141.
(/usr/share/texlive/texmf-dist/tex/latex/hyperref/nameref.sty
Package: nameref 2012/10/27 v2.43 Cross-referencing by name of section

(/usr/share/texlive/texmf-dist/tex/generic/oberdiek/gettitlestring.sty
Package: gettitlestring 2010/12/03 v1.4 Cleanup title references (HO)
)
\c@section@level=\count170
)
LaTeX Info: Redefining \ref on input line 141.
LaTeX Info: Redefining \pageref on input line 141.
LaTeX Info: Redefining \nameref on input line 141.

(./main.out) (./main.out)
\@outlinefile=\write3
\openout3 = `main.out'.

*geometry* verbose mode - [ newgeometry ] result:
* driver: xetex
* paper: <default>
* layout: <same size as paper>
* layoutoffset:(h,v)=(0.0pt,0.0pt)
* modes: 
* h-part:(L,W,R)=(56.9055pt, 500.484pt, 56.9055pt)
* v-part:(T,H,B)=(56.9055pt, 681.15898pt, 56.9055pt)
* \paperwidth=614.295pt
* \paperheight=794.96999pt
* \textwidth=500.484pt
* \textheight=681.15898pt
* \oddsidemargin=-15.36449pt
* \evensidemargin=-15.36449pt
* \topmargin=-54.36449pt
* \headheight=14.0pt
* \headsep=25.0pt
* \topskip=14.0pt
* \footskip=30.0pt
* \marginparwidth=24.0pt
* \marginparsep=10.0pt
* \columnsep=10.0pt
* \skip\footins=12.0pt plus 4.0pt minus 2.0pt
* \hoffset=0.0pt
* \voffset=0.0pt
* \mag=1000
* \@twocolumnfalse
* \@twosidefalse
* \@mparswitchfalse
* \@reversemarginfalse
* (1in=72.27pt=25.4mm, 1cm=28.453pt)

Package babel Info: Redefining russian shorthand "|
(babel)             in language  on input line 192.
Package babel Info: Redefining russian shorthand "~
(babel)             in language  on input line 192.
Package babel Info: Redefining russian shorthand "|
(babel)             in language  on input line 192.
Package babel Info: Redefining russian shorthand "~
(babel)             in language  on input line 192.
 [1


]
*geometry* verbose mode - [ newgeometry ] result:
* driver: xetex
* paper: <default>
* layout: <same size as paper>
* layoutoffset:(h,v)=(0.0pt,0.0pt)
* modes: 
* h-part:(L,W,R)=(56.9055pt, 500.484pt, 56.9055pt)
* v-part:(T,H,B)=(56.9055pt, 681.15898pt, 56.9055pt)
* \paperwidth=614.295pt
* \paperheight=794.96999pt
* \textwidth=500.484pt
* \textheight=681.15898pt
* \oddsidemargin=-15.36449pt
* \evensidemargin=-15.36449pt
* \topmargin=-54.36449pt
* \headheight=14.0pt
* \headsep=25.0pt
* \topskip=14.0pt
* \footskip=30.0pt
* \marginparwidth=24.0pt
* \marginparsep=10.0pt
* \columnsep=10.0pt
* \skip\footins=12.0pt plus 4.0pt minus 2.0pt
* \hoffset=0.0pt
* \voffset=0.0pt
* \mag=1000
* \@twocolumnfalse
* \@twosidefalse
* \@mparswitchfalse
* \@reversemarginfalse
* (1in=72.27pt=25.4mm, 1cm=28.453pt)

LaTeX Font Info:    Try loading font information for U+msa on input line 230.

(/usr/share/texlive/texmf-dist/tex/latex/amsfonts/umsa.fd
File: umsa.fd 2013/01/14 v3.01 AMS symbols A
)
LaTeX Font Info:    Try loading font information for U+msb on input line 230.

(/usr/share/texlive/texmf-dist/tex/latex/amsfonts/umsb.fd
File: umsb.fd 2013/01/14 v3.01 AMS symbols B
)
Package babel Info: Redefining russian shorthand "|
(babel)             in language  on input line 282.
Package babel Info: Redefining russian shorthand "~
(babel)             in language  on input line 282.
Package babel Info: Redefining russian shorthand "|
(babel)             in language  on input line 282.
Package babel Info: Redefining russian shorthand "~
(babel)             in language  on input line 282.
 [1


]
Package babel Info: Redefining russian shorthand "|
(babel)             in language  on input line 306.
Package babel Info: Redefining russian shorthand "~
(babel)             in language  on input line 306.
Package babel Info: Redefining russian shorthand "|
(babel)             in language  on input line 306.
Package babel Info: Redefining russian shorthand "~
(babel)             in language  on input line 306.
 [3]
*geometry* verbose mode - [ newgeometry ] result:
* driver: xetex
* paper: <default>
* layout: <same size as paper>
* layoutoffset:(h,v)=(0.0pt,0.0pt)
* modes: 
* h-part:(L,W,R)=(85.35826pt, 486.25761pt, 42.67912pt)
* v-part:(T,H,B)=(42.67912pt, 689.69481pt, 62.59605pt)
* \paperwidth=614.295pt
* \paperheight=794.96999pt
* \textwidth=486.25761pt
* \textheight=689.69481pt
* \oddsidemargin=13.08827pt
* \evensidemargin=13.08827pt
* \topmargin=-68.59087pt
* \headheight=14.0pt
* \headsep=25.0pt
* \topskip=14.0pt
* \footskip=30.0pt
* \marginparwidth=24.0pt
* \marginparsep=10.0pt
* \columnsep=10.0pt
* \skip\footins=12.0pt plus 4.0pt minus 2.0pt
* \hoffset=0.0pt
* \voffset=0.0pt
* \mag=1000
* \@twocolumnfalse
* \@twosidefalse
* \@mparswitchfalse
* \@reversemarginfalse
* (1in=72.27pt=25.4mm, 1cm=28.453pt)

 (./main.toc)
\tf@toc=\write4
\openout4 = `main.toc'.

Package babel Info: Redefining russian shorthand "|
(babel)             in language  on input line 314.
Package babel Info: Redefining russian shorthand "~
(babel)             in language  on input line 314.
Package babel Info: Redefining russian shorthand "|
(babel)             in language  on input line 314.
Package babel Info: Redefining russian shorthand "~
(babel)             in language  on input line 314.
[4


]
Package babel Info: Redefining russian shorthand "|
(babel)             in language  on input line 317.
Package babel Info: Redefining russian shorthand "~
(babel)             in language  on input line 317.
Package babel Info: Redefining russian shorthand "|
(babel)             in language  on input line 323.
Package babel Info: Redefining russian shorthand "~
(babel)             in language  on input line 323.
Package babel Info: Redefining russian shorthand "|
(babel)             in language  on input line 323.
Package babel Info: Redefining russian shorthand "~
(babel)             in language  on input line 323.
 [5

]
Package babel Info: Redefining russian shorthand "|
(babel)             in language  on input line 326.
Package babel Info: Redefining russian shorthand "~
(babel)             in language  on input line 326.
Package babel Info: Redefining russian shorthand "|
(babel)             in language  on input line 326.
Package babel Info: Redefining russian shorthand "~
(babel)             in language  on input line 326.
 [6]
Package babel Info: Redefining russian shorthand "|
(babel)             in language  on input line 329.
Package babel Info: Redefining russian shorthand "~
(babel)             in language  on input line 329.

Overfull \hbox (8.1114pt too wide) in paragraph at lines 331--333
[]\EU1/TimesNewRoman(0)/m/n/14.4 В квантовой механике одноэлектронная математич
еская модель атома, под-
 []


Overfull \hbox (15.91533pt too wide) in paragraph at lines 331--333
\EU1/TimesNewRoman(0)/m/n/14.4 верженного воздействию лазерного импульса, описы
вается нестационарным урав-
 []

Package babel Info: Redefining russian shorthand "|
(babel)             in language  on input line 354.
Package babel Info: Redefining russian shorthand "~
(babel)             in language  on input line 354.
Package babel Info: Redefining russian shorthand "|
(babel)             in language  on input line 354.
Package babel Info: Redefining russian shorthand "~
(babel)             in language  on input line 354.
[7


]
Overfull \hbox (1.02031pt too wide) in paragraph at lines 372--374
\EU1/TimesNewRoman(0)/m/n/14.4 где явный вид зависимости $\OML/cmm/m/it/14.4 B\
OT1/cmr/m/n/14.4 (\OML/cmm/m/it/14.4 ^^O\OT1/cmr/m/n/14.4 )$ \EU1/TimesNewRoman
(0)/m/n/14.4 определяется характером взаимодействия $\OML/cmm/m/it/14.4 U\OT1/c
mr/m/n/14.4 (\OML/cmm/m/it/14.4 r\OT1/cmr/m/n/14.4 )$\EU1/TimesNewRoman(0)/m/n/
14.4 .
 []


Overfull \hbox (43.1016pt too wide) in paragraph at lines 379--382
\EU1/TimesNewRoman(0)/m/n/14.4 поля (рассматривается бесконечная периодическая 
последовательность импульсов).[[]]
 []

Package babel Info: Redefining russian shorthand "|
(babel)             in language  on input line 390.
Package babel Info: Redefining russian shorthand "~
(babel)             in language  on input line 390.
Package babel Info: Redefining russian shorthand "|
(babel)             in language  on input line 390.
Package babel Info: Redefining russian shorthand "~
(babel)             in language  on input line 390.
[8]
Overfull \hbox (5.92735pt too wide) in paragraph at lines 399--400
[]\EU1/TimesNewRoman(0)/m/n/14.4 Явный вид напряженности электрического поля ла
зерного импульса $[]\OT1/cmr/m/n/14.4 (\OML/cmm/m/it/14.4 t\OT1/cmr/m/n/14.4 ) 
=
 []

File: F_A.eps Graphic file (type eps)
<F_A.eps>

LaTeX Warning: `h' float specifier changed to `ht'.

Package babel Info: Redefining russian shorthand "|
(babel)             in language  on input line 417.
Package babel Info: Redefining russian shorthand "~
(babel)             in language  on input line 417.
Package babel Info: Redefining russian shorthand "|
(babel)             in language  on input line 417.
Package babel Info: Redefining russian shorthand "~
(babel)             in language  on input line 417.
[9]
Package babel Info: Redefining russian shorthand "|
(babel)             in language  on input line 417.
Package babel Info: Redefining russian shorthand "~
(babel)             in language  on input line 417.
Package babel Info: Redefining russian shorthand "|
(babel)             in language  on input line 417.
Package babel Info: Redefining russian shorthand "~
(babel)             in language  on input line 417.
 [10]
Package babel Info: Redefining russian shorthand "|
(babel)             in language  on input line 419.
Package babel Info: Redefining russian shorthand "~
(babel)             in language  on input line 419.

Overfull \hbox (12.76428pt too wide) in paragraph at lines 424--426
\EU1/TimesNewRoman(0)/m/n/14.4 ными. Эти интегралы часто встречаются при решени
и различных задач физики.[[]] 
 []

Package babel Info: Redefining russian shorthand "|
(babel)             in language  on input line 455.
Package babel Info: Redefining russian shorthand "~
(babel)             in language  on input line 455.
Package babel Info: Redefining russian shorthand "|
(babel)             in language  on input line 455.
Package babel Info: Redefining russian shorthand "~
(babel)             in language  on input line 455.
[11


]
Missing character: There is no а in font cmmi12!
Package babel Info: Redefining russian shorthand "|
(babel)             in language  on input line 484.
Package babel Info: Redefining russian shorthand "~
(babel)             in language  on input line 484.
Package babel Info: Redefining russian shorthand "|
(babel)             in language  on input line 484.
Package babel Info: Redefining russian shorthand "~
(babel)             in language  on input line 484.
 [12]
Missing character: There is no С in font cmmi12!
Missing character: There is no х in font cmmi12!
Missing character: There is no х in font cmmi12!
File: pic2.png Graphic file (type QTm)
 <use  "pic2.png" >
Package babel Info: Redefining russian shorthand "|
(babel)             in language  on input line 505.
Package babel Info: Redefining russian shorthand "~
(babel)             in language  on input line 505.
Package babel Info: Redefining russian shorthand "|
(babel)             in language  on input line 505.
Package babel Info: Redefining russian shorthand "~
(babel)             in language  on input line 505.
 [13]
Missing character: There is no С in font cmmi12!
Missing character: There is no С in font cmmi12!
Package babel Info: Redefining russian shorthand "|
(babel)             in language  on input line 532.
Package babel Info: Redefining russian shorthand "~
(babel)             in language  on input line 532.
Package babel Info: Redefining russian shorthand "|
(babel)             in language  on input line 532.
Package babel Info: Redefining russian shorthand "~
(babel)             in language  on input line 532.
 [14]
Package babel Info: Redefining russian shorthand "|
(babel)             in language  on input line 562.
Package babel Info: Redefining russian shorthand "~
(babel)             in language  on input line 562.
Package babel Info: Redefining russian shorthand "|
(babel)             in language  on input line 562.
Package babel Info: Redefining russian shorthand "~
(babel)             in language  on input line 562.
 [15]
Package babel Info: Redefining russian shorthand "|
(babel)             in language  on input line 566.
Package babel Info: Redefining russian shorthand "~
(babel)             in language  on input line 566.
Package babel Info: Redefining russian shorthand "|
(babel)             in language  on input line 566.
Package babel Info: Redefining russian shorthand "~
(babel)             in language  on input line 566.
 [16]
Package babel Info: Redefining russian shorthand "|
(babel)             in language  on input line 567.
Package babel Info: Redefining russian shorthand "~
(babel)             in language  on input line 567.


Package hyperref Warning: Token not allowed in a PDF string (Unicode):
(hyperref)                removing `math shift' on input line 567.


Package hyperref Warning: Token not allowed in a PDF string (Unicode):
(hyperref)                removing `\epsilon' on input line 567.


Package hyperref Warning: Token not allowed in a PDF string (Unicode):
(hyperref)                removing `math shift' on input line 567.

Package babel Info: Redefining russian shorthand "|
(babel)             in language  on input line 568.
Package babel Info: Redefining russian shorthand "~
(babel)             in language  on input line 568.
File: S.eps Graphic file (type eps)
<S.eps>
Package babel Info: Redefining russian shorthand "|
(babel)             in language  on input line 587.
Package babel Info: Redefining russian shorthand "~
(babel)             in language  on input line 587.
Package babel Info: Redefining russian shorthand "|
(babel)             in language  on input line 587.
Package babel Info: Redefining russian shorthand "~
(babel)             in language  on input line 587.
 [17


]
File: I_0.eps Graphic file (type eps)
 <I_0.eps>
Overfull \hbox (1.38882pt too wide) in paragraph at lines 612--613
\EU1/TimesNewRoman(0)/m/n/14.4 малый размер функции не позволяет использовать п
еревальную оценку, то вкла-
 []

Package babel Info: Redefining russian shorthand "|
(babel)             in language  on input line 613.
Package babel Info: Redefining russian shorthand "~
(babel)             in language  on input line 613.
Package babel Info: Redefining russian shorthand "|
(babel)             in language  on input line 613.
Package babel Info: Redefining russian shorthand "~
(babel)             in language  on input line 613.
[18]
Package babel Info: Redefining russian shorthand "|
(babel)             in language  on input line 662.
Package babel Info: Redefining russian shorthand "~
(babel)             in language  on input line 662.
Package babel Info: Redefining russian shorthand "|
(babel)             in language  on input line 662.
Package babel Info: Redefining russian shorthand "~
(babel)             in language  on input line 662.
 [19]
Package babel Info: Redefining russian shorthand "|
(babel)             in language  on input line 705.
Package babel Info: Redefining russian shorthand "~
(babel)             in language  on input line 705.
Package babel Info: Redefining russian shorthand "|
(babel)             in language  on input line 705.
Package babel Info: Redefining russian shorthand "~
(babel)             in language  on input line 705.
 [20]
Overfull \hbox (2.71623pt too wide) in paragraph at lines 722--723
[]\EU1/TimesNewRoman(0)/m/n/14.4 Объединяя множество решений (точек $\OML/cmm/m
/it/14.4 t[]$\EU1/TimesNewRoman(0)/m/n/14.4 ) получаем искомые седловые точ-
 []

File: alpha-200.eps Graphic file (type eps)
<alpha-200.eps>

LaTeX Warning: `h' float specifier changed to `ht'.

Package babel Info: Redefining russian shorthand "|
(babel)             in language  on input line 742.
Package babel Info: Redefining russian shorthand "~
(babel)             in language  on input line 742.
Package babel Info: Redefining russian shorthand "|
(babel)             in language  on input line 742.
Package babel Info: Redefining russian shorthand "~
(babel)             in language  on input line 742.
[21]
Package babel Info: Redefining russian shorthand "|
(babel)             in language  on input line 749.
Package babel Info: Redefining russian shorthand "~
(babel)             in language  on input line 749.
Package babel Info: Redefining russian shorthand "|
(babel)             in language  on input line 749.
Package babel Info: Redefining russian shorthand "~
(babel)             in language  on input line 749.
 [22]
File: alpha-2020.eps Graphic file (type eps)
 <alpha-2020.eps>
Package babel Info: Redefining russian shorthand "|
(babel)             in language  on input line 761.
Package babel Info: Redefining russian shorthand "~
(babel)             in language  on input line 761.
Package babel Info: Redefining russian shorthand "|
(babel)             in language  on input line 761.
Package babel Info: Redefining russian shorthand "~
(babel)             in language  on input line 761.
 [23]
Package babel Info: Redefining russian shorthand "|
(babel)             in language  on input line 763.
Package babel Info: Redefining russian shorthand "~
(babel)             in language  on input line 763.


LaTeX Warning: Reference `eq:f' on page 24 undefined on input line 767.

Package babel Info: Redefining russian shorthand "|
(babel)             in language  on input line 791.
Package babel Info: Redefining russian shorthand "~
(babel)             in language  on input line 791.
Package babel Info: Redefining russian shorthand "|
(babel)             in language  on input line 791.
Package babel Info: Redefining russian shorthand "~
(babel)             in language  on input line 791.
[24

]
Overfull \hbox (27.10121pt too wide) in paragraph at lines 807--808
[]\EU1/TimesNewRoman(0)/m/n/14.4 Для нашей задачи важны только два алгоритма, а
 именно $\OML/cmm/m/it/14.4 gsl[]integration[]qags$
 []


Overfull \hbox (4.00987pt too wide) in paragraph at lines 809--810
[]\EU1/TimesNewRoman(0)/m/n/14.4 Стоит отменить, что для первого интеграла, пол
учаемого библиотекой чис-
 []

Package babel Info: Redefining russian shorthand "|
(babel)             in language  on input line 811.
Package babel Info: Redefining russian shorthand "~
(babel)             in language  on input line 811.
Package babel Info: Redefining russian shorthand "|
(babel)             in language  on input line 811.
Package babel Info: Redefining russian shorthand "~
(babel)             in language  on input line 811.
[25]
Overfull \hbox (5.23087pt too wide) in paragraph at lines 824--825
[]\EU1/TimesNewRoman(0)/m/n/14.4 Дискретное преобразование Фурье преобразоует к
онечную последователь-
 []


Overfull \hbox (14.01102pt too wide) in paragraph at lines 824--825
\EU1/TimesNewRoman(0)/m/n/14.4 вивалентной длины выборки преобразования Фурье д
искретного времени (DTFT),
 []

Package babel Info: Redefining russian shorthand "|
(babel)             in language  on input line 829.
Package babel Info: Redefining russian shorthand "~
(babel)             in language  on input line 829.
Package babel Info: Redefining russian shorthand "|
(babel)             in language  on input line 829.
Package babel Info: Redefining russian shorthand "~
(babel)             in language  on input line 829.
[26]
Package babel Info: Redefining russian shorthand "|
(babel)             in language  on input line 852.
Package babel Info: Redefining russian shorthand "~
(babel)             in language  on input line 852.
Package babel Info: Redefining russian shorthand "|
(babel)             in language  on input line 852.
Package babel Info: Redefining russian shorthand "~
(babel)             in language  on input line 852.
 [27]
Package babel Info: Redefining russian shorthand "|
(babel)             in language  on input line 862.
Package babel Info: Redefining russian shorthand "~
(babel)             in language  on input line 862.
Package babel Info: Redefining russian shorthand "|
(babel)             in language  on input line 862.
Package babel Info: Redefining russian shorthand "~
(babel)             in language  on input line 862.
 [28]
Overfull \hbox (9.38994pt too wide) in paragraph at lines 889--890
[]\EU1/TimesNewRoman(0)/m/n/14.4 Следует понимать, что опорных точек для интегр
ирования все равно остать-
 []


Overfull \hbox (17.80676pt too wide) in paragraph at lines 889--890
\EU1/TimesNewRoman(0)/m/n/14.4 ся достаточно, чтобы была возможность уловить бо
льшую часть колебаний подын-
 []

Package babel Info: Redefining russian shorthand "|
(babel)             in language  on input line 892.
Package babel Info: Redefining russian shorthand "~
(babel)             in language  on input line 892.
Package babel Info: Redefining russian shorthand "|
(babel)             in language  on input line 892.
Package babel Info: Redefining russian shorthand "~
(babel)             in language  on input line 892.
[29]
File: fftw_compare.eps Graphic file (type eps)
 <fftw_compare.eps>
Overfull \hbox (16.98878pt too wide) in paragraph at lines 907--908
\EU1/TimesNewRoman(0)/m/n/14.4 ной суммы, то есть проводить интегрирования чере
з площадь прямоугольника.[[]] 
 []

Package babel Info: Redefining russian shorthand "|
(babel)             in language  on input line 908.
Package babel Info: Redefining russian shorthand "~
(babel)             in language  on input line 908.
Package babel Info: Redefining russian shorthand "|
(babel)             in language  on input line 908.
Package babel Info: Redefining russian shorthand "~
(babel)             in language  on input line 908.
[30]
File: fftw_compare_nofftw2.eps Graphic file (type eps)
 <fftw_compare_nofftw2.eps>
Package babel Info: Redefining russian shorthand "|
(babel)             in language  on input line 922.
Package babel Info: Redefining russian shorthand "~
(babel)             in language  on input line 922.
Package babel Info: Redefining russian shorthand "|
(babel)             in language  on input line 922.
Package babel Info: Redefining russian shorthand "~
(babel)             in language  on input line 922.
 [31]
Package babel Info: Redefining russian shorthand "|
(babel)             in language  on input line 923.
Package babel Info: Redefining russian shorthand "~
(babel)             in language  on input line 923.


LaTeX Warning: Reference `eq:f' on page 32 undefined on input line 927.

File: roots1.eps Graphic file (type eps)
<roots1.eps>
File: roots2.eps Graphic file (type eps)
 <roots2.eps>

LaTeX Warning: `h' float specifier changed to `ht'.

Package babel Info: Redefining russian shorthand "|
(babel)             in language  on input line 948.
Package babel Info: Redefining russian shorthand "~
(babel)             in language  on input line 948.
Package babel Info: Redefining russian shorthand "|
(babel)             in language  on input line 948.
Package babel Info: Redefining russian shorthand "~
(babel)             in language  on input line 948.
[32


]
File: full1.eps Graphic file (type eps)
 <full1.eps>
File: rootsend1.eps Graphic file (type eps)
 <rootsend1.eps>

LaTeX Warning: `h' float specifier changed to `ht'.

File: end1.eps Graphic file (type eps)
<end1.eps>

LaTeX Warning: `h' float specifier changed to `ht'.

File: full1.eps Graphic file (type eps)
<full1.eps>
File: rootsend1.eps Graphic file (type eps)
 <rootsend1.eps>

LaTeX Warning: `h' float specifier changed to `ht'.

File: end1.eps Graphic file (type eps)
<end1.eps>

LaTeX Warning: `h' float specifier changed to `ht'.

Package babel Info: Redefining russian shorthand "|
(babel)             in language  on input line 1002.
Package babel Info: Redefining russian shorthand "~
(babel)             in language  on input line 1002.
Package babel Info: Redefining russian shorthand "|
(babel)             in language  on input line 1002.
Package babel Info: Redefining russian shorthand "~
(babel)             in language  on input line 1002.
[33]
Package babel Info: Redefining russian shorthand "|
(babel)             in language  on input line 1003.
Package babel Info: Redefining russian shorthand "~
(babel)             in language  on input line 1003.
Package babel Info: Redefining russian shorthand "|
(babel)             in language  on input line 1003.
Package babel Info: Redefining russian shorthand "~
(babel)             in language  on input line 1003.
 [34]
Package babel Info: Redefining russian shorthand "|
(babel)             in language  on input line 1003.
Package babel Info: Redefining russian shorthand "~
(babel)             in language  on input line 1003.
Package babel Info: Redefining russian shorthand "|
(babel)             in language  on input line 1003.
Package babel Info: Redefining russian shorthand "~
(babel)             in language  on input line 1003.
 [35]
Package babel Info: Redefining russian shorthand "|
(babel)             in language  on input line 1003.
Package babel Info: Redefining russian shorthand "~
(babel)             in language  on input line 1003.
Package babel Info: Redefining russian shorthand "|
(babel)             in language  on input line 1003.
Package babel Info: Redefining russian shorthand "~
(babel)             in language  on input line 1003.
 [36]
Package babel Info: Redefining russian shorthand "|
(babel)             in language  on input line 1005.
Package babel Info: Redefining russian shorthand "~
(babel)             in language  on input line 1005.
Package babel Info: Redefining russian shorthand "|
(babel)             in language  on input line 1020.
Package babel Info: Redefining russian shorthand "~
(babel)             in language  on input line 1020.
Package babel Info: Redefining russian shorthand "|
(babel)             in language  on input line 1020.
Package babel Info: Redefining russian shorthand "~
(babel)             in language  on input line 1020.
 [37


]
Package babel Info: Redefining russian shorthand "|
(babel)             in language  on input line 1021.
Package babel Info: Redefining russian shorthand "~
(babel)             in language  on input line 1021.
 (./main.bbl
Underfull \hbox (badness 5578) in paragraph at lines 70--75
[]\EU1/TimesNewRoman(0)/m/n/14.4 М.В. Федорюк. Метод перевала.  М.: Главная ред
акция физико-
 []


Underfull \hbox (badness 10000) in paragraph at lines 98--102
[]\EU1/TimesNewRoman(0)/m/n/14.4 Galassi Mark. GNU Reference Manual.  2016.  [С
айт] URL:
 []


Underfull \hbox (badness 10000) in paragraph at lines 98--102
\EU1/TimesNewRoman(0)/m/n/14.4 https://www.gnu.org/software/gsl/manual/html_nod
e/ (дата обращения
 []

Package babel Info: Redefining russian shorthand "|
(babel)             in language  on input line 102.
Package babel Info: Redefining russian shorthand "~
(babel)             in language  on input line 102.
Package babel Info: Redefining russian shorthand "|
(babel)             in language  on input line 102.
Package babel Info: Redefining russian shorthand "~
(babel)             in language  on input line 102.
[38

]
Underfull \hbox (badness 2435) in paragraph at lines 105--109
[]\EU1/TimesNewRoman(0)/m/n/14.4 Galassi Mark. GSL - GNU Scientific Library.  2
016.  [Сайт] URL:
 []


Underfull \hbox (badness 4634) in paragraph at lines 112--115
[]\EU1/TimesNewRoman(0)/m/n/14.4 Frigo Matteo, Johnson Steven. FFTW - Home Page
.  [Сайт] URL:
 []

)
Package babel Info: Redefining russian shorthand "|
(babel)             in language  on input line 1027.
Package babel Info: Redefining russian shorthand "~
(babel)             in language  on input line 1027.
Package babel Info: Redefining russian shorthand "|
(babel)             in language  on input line 1027.
Package babel Info: Redefining russian shorthand "~
(babel)             in language  on input line 1027.
 [39]
Package babel Info: Redefining russian shorthand "|
(babel)             in language  on input line 1028.
Package babel Info: Redefining russian shorthand "~
(babel)             in language  on input line 1028.
 (./main.c
Package babel Info: Redefining russian shorthand "|
(babel)             in language  on input line 40.
Package babel Info: Redefining russian shorthand "~
(babel)             in language  on input line 40.
Package babel Info: Redefining russian shorthand "|
(babel)             in language  on input line 40.
Package babel Info: Redefining russian shorthand "~
(babel)             in language  on input line 40.
 [40

]
Package babel Info: Redefining russian shorthand "|
(babel)             in language  on input line 86.
Package babel Info: Redefining russian shorthand "~
(babel)             in language  on input line 86.
Package babel Info: Redefining russian shorthand "|
(babel)             in language  on input line 86.
Package babel Info: Redefining russian shorthand "~
(babel)             in language  on input line 86.
 [41]
Package babel Info: Redefining russian shorthand "|
(babel)             in language  on input line 132.
Package babel Info: Redefining russian shorthand "~
(babel)             in language  on input line 132.
Package babel Info: Redefining russian shorthand "|
(babel)             in language  on input line 132.
Package babel Info: Redefining russian shorthand "~
(babel)             in language  on input line 132.
 [42]
Package babel Info: Redefining russian shorthand "|
(babel)             in language  on input line 178.
Package babel Info: Redefining russian shorthand "~
(babel)             in language  on input line 178.
Package babel Info: Redefining russian shorthand "|
(babel)             in language  on input line 178.
Package babel Info: Redefining russian shorthand "~
(babel)             in language  on input line 178.
 [43]
Package babel Info: Redefining russian shorthand "|
(babel)             in language  on input line 224.
Package babel Info: Redefining russian shorthand "~
(babel)             in language  on input line 224.
Package babel Info: Redefining russian shorthand "|
(babel)             in language  on input line 224.
Package babel Info: Redefining russian shorthand "~
(babel)             in language  on input line 224.
 [44]
Package babel Info: Redefining russian shorthand "|
(babel)             in language  on input line 271.
Package babel Info: Redefining russian shorthand "~
(babel)             in language  on input line 271.
Package babel Info: Redefining russian shorthand "|
(babel)             in language  on input line 271.
Package babel Info: Redefining russian shorthand "~
(babel)             in language  on input line 271.
 [45]
Package babel Info: Redefining russian shorthand "|
(babel)             in language  on input line 316.
Package babel Info: Redefining russian shorthand "~
(babel)             in language  on input line 316.
Package babel Info: Redefining russian shorthand "|
(babel)             in language  on input line 316.
Package babel Info: Redefining russian shorthand "~
(babel)             in language  on input line 316.
 [46]
Package babel Info: Redefining russian shorthand "|
(babel)             in language  on input line 362.
Package babel Info: Redefining russian shorthand "~
(babel)             in language  on input line 362.
Package babel Info: Redefining russian shorthand "|
(babel)             in language  on input line 362.
Package babel Info: Redefining russian shorthand "~
(babel)             in language  on input line 362.
 [47])
Package atveryend Info: Empty hook `BeforeClearDocument' on input line 1035.
Package babel Info: Redefining russian shorthand "|
(babel)             in language  on input line 1035.
Package babel Info: Redefining russian shorthand "~
(babel)             in language  on input line 1035.
Package babel Info: Redefining russian shorthand "|
(babel)             in language  on input line 1035.
Package babel Info: Redefining russian shorthand "~
(babel)             in language  on input line 1035.
 [48]
Package atveryend Info: Empty hook `AfterLastShipout' on input line 1035.
 (./main.aux)
Package atveryend Info: Empty hook `AtVeryEndDocument' on input line 1035.
Package atveryend Info: Empty hook `AtEndAfterFileList' on input line 1035.


LaTeX Font Warning: Some font shapes were not available, defaults substituted.


LaTeX Warning: There were undefined references.

Package atveryend Info: Empty hook `AtVeryVeryEnd' on input line 1035.
 ) 
Here is how much of TeX's memory you used:
 25992 strings out of 493638
 452463 string characters out of 6146796
 514533 words of memory out of 5000000
 29107 multiletter control sequences out of 15000+600000
 12257 words of font info for 93 fonts, out of 8000000 for 9000
 1328 hyphenation exceptions out of 8191
 48i,12n,61p,10344b,1834s stack positions out of 5000i,500n,10000p,200000b,80000s

Output written on main.pdf (48 pages).
